2026-02-15 21:02:47 - INFO - [main.py:33] - Loading Dataset...
2026-02-15 21:02:47 - INFO - [preprocess_dataset.py:21] - Loading Dataset...
Traceback (most recent call last):
  File "/home/vsc/LLM_TUNE/QA-FineTune/lib-QA/lib/python3.12/site-packages/pandas/core/indexes/base.py", line 3641, in get_loc
    return self._engine.get_loc(casted_key)
           ^^^^^^^^^^^^^^^^^^^^^^^^^^^^^^^^
  File "pandas/_libs/index.pyx", line 168, in pandas._libs.index.IndexEngine.get_loc
  File "pandas/_libs/index.pyx", line 176, in pandas._libs.index.IndexEngine.get_loc
  File "pandas/_libs/index.pyx", line 578, in pandas._libs.index.StringObjectEngine._check_type
KeyError: ('question', 'answer', 'original_title')

The above exception was the direct cause of the following exception:

Traceback (most recent call last):
  File "/home/vsc/LLM_TUNE/QA-FineTune/도서관_QA_Finetune/final/train/main.py", line 64, in <module>
    main()
  File "/home/vsc/LLM_TUNE/QA-FineTune/도서관_QA_Finetune/final/train/main.py", line 34, in main
    dataset = preprocess_dataset()
              ^^^^^^^^^^^^^^^^^^^^
  File "/home/vsc/LLM_TUNE/QA-FineTune/도서관_QA_Finetune/final/train/preprocess_dataset.py", line 27, in preprocess_dataset
    hf_dataset = Dataset.from_pandas(df["question", "answer", "original_title"])
                                     ~~^^^^^^^^^^^^^^^^^^^^^^^^^^^^^^^^^^^^^^^^
  File "/home/vsc/LLM_TUNE/QA-FineTune/lib-QA/lib/python3.12/site-packages/pandas/core/frame.py", line 4378, in __getitem__
    indexer = self.columns.get_loc(key)
              ^^^^^^^^^^^^^^^^^^^^^^^^^
  File "/home/vsc/LLM_TUNE/QA-FineTune/lib-QA/lib/python3.12/site-packages/pandas/core/indexes/base.py", line 3648, in get_loc
    raise KeyError(key) from err
KeyError: ('question', 'answer', 'original_title')
